<?xml version="1.0" encoding="UTF-8"?>
<!-- Generated by org.testng.reporters.JUnitXMLReporter -->
<testsuite hostname="GOD-PC" ignored="0" name="Test" tests="8" failures="4" timestamp="30 Jun 2020 18:34:01 GMT" time="44.324" errors="0">
  <testcase name="test1" time="27.381" classname="org.sampledomain.Execution"/>
  <testcase name="test2" time="4.959" classname="org.sampledomain.Execution"/>
  <testcase name="test3" time="1.756" classname="org.sampledomain.Execution">
    <failure type="org.openqa.selenium.ElementClickInterceptedException" message="element click intercepted: Element &amp;lt;a href=&amp;quot;#&amp;quot; data-href=&amp;quot;/webapp/wcs/stores/servlet/MultiChannelOrderCatalogEntryAdd?storeId=48352&amp;amp;amp;langId=-3&amp;amp;amp;categoryId_0=522552&amp;amp;amp;catEntryId_0=6432869&amp;quot; id=&amp;quot;product-list-add-to-cart-6432869&amp;quot; class=&amp;quot;button add-to-cart&amp;quot; data-et-click-args-id=&amp;quot;2004&amp;quot; rel=&amp;quot;nofollow&amp;quot; data-dy-event=&amp;quot;ADD_TO_CART&amp;quot; data-gtm-event=&amp;quot;EEC_ADD_TO_CART&amp;quot; data-gtm-event-ext=&amp;quot;product2598119&amp;quot;&amp;gt;...&amp;lt;/a&amp;gt; is not clickable at point (1161, 483). Other element would receive the click: &amp;lt;div class=&amp;quot;cookie-info-layer&amp;quot;&amp;gt;...&amp;lt;/div&amp;gt;
  (Session info: chrome=83.0.4103.116)
Build info: version: &amp;apos;3.141.59&amp;apos;, revision: &amp;apos;e82be7d358&amp;apos;, time: &amp;apos;2018-11-14T08:25:53&amp;apos;
System info: host: &amp;apos;GOD-PC&amp;apos;, ip: &amp;apos;192.168.1.101&amp;apos;, os.name: &amp;apos;Windows 7&amp;apos;, os.arch: &amp;apos;amd64&amp;apos;, os.version: &amp;apos;6.1&amp;apos;, java.version: &amp;apos;1.8.0_45&amp;apos;
Driver info: org.openqa.selenium.chrome.ChromeDriver
Capabilities {acceptInsecureCerts: false, browserName: chrome, browserVersion: 83.0.4103.116, chrome: {chromedriverVersion: 83.0.4103.39 (ccbf011cb2d2b..., userDataDir: C:\Users\GOD\AppData\Local\...}, goog:chromeOptions: {debuggerAddress: localhost:52686}, javascriptEnabled: true, networkConnectionEnabled: false, pageLoadStrategy: normal, platform: WINDOWS, platformName: WINDOWS, proxy: Proxy(), setWindowRect: true, strictFileInteractability: false, timeouts: {implicit: 0, pageLoad: 300000, script: 30000}, unhandledPromptBehavior: dismiss and notify, webauthn:virtualAuthenticators: true}
Session ID: cf4629742aa3a1f5a5ceda2da2f53651">
      <![CDATA[org.openqa.selenium.ElementClickInterceptedException: element click intercepted: Element <a href="#" data-href="/webapp/wcs/stores/servlet/MultiChannelOrderCatalogEntryAdd?storeId=48352&amp;langId=-3&amp;categoryId_0=522552&amp;catEntryId_0=6432869" id="product-list-add-to-cart-6432869" class="button add-to-cart" data-et-click-args-id="2004" rel="nofollow" data-dy-event="ADD_TO_CART" data-gtm-event="EEC_ADD_TO_CART" data-gtm-event-ext="product2598119">...</a> is not clickable at point (1161, 483). Other element would receive the click: <div class="cookie-info-layer">...</div>
  (Session info: chrome=83.0.4103.116)
Build info: version: '3.141.59', revision: 'e82be7d358', time: '2018-11-14T08:25:53'
System info: host: 'GOD-PC', ip: '192.168.1.101', os.name: 'Windows 7', os.arch: 'amd64', os.version: '6.1', java.version: '1.8.0_45'
Driver info: org.openqa.selenium.chrome.ChromeDriver
Capabilities {acceptInsecureCerts: false, browserName: chrome, browserVersion: 83.0.4103.116, chrome: {chromedriverVersion: 83.0.4103.39 (ccbf011cb2d2b..., userDataDir: C:\Users\GOD\AppData\Local\...}, goog:chromeOptions: {debuggerAddress: localhost:52686}, javascriptEnabled: true, networkConnectionEnabled: false, pageLoadStrategy: normal, platform: WINDOWS, platformName: WINDOWS, proxy: Proxy(), setWindowRect: true, strictFileInteractability: false, timeouts: {implicit: 0, pageLoad: 300000, script: 30000}, unhandledPromptBehavior: dismiss and notify, webauthn:virtualAuthenticators: true}
Session ID: cf4629742aa3a1f5a5ceda2da2f53651
at org.openqa.selenium.remote.http.W3CHttpResponseCodec.createException(W3CHttpResponseCodec.java:187)
at org.openqa.selenium.remote.http.W3CHttpResponseCodec.decode(W3CHttpResponseCodec.java:122)
at org.openqa.selenium.remote.http.W3CHttpResponseCodec.decode(W3CHttpResponseCodec.java:49)
at org.openqa.selenium.remote.HttpCommandExecutor.execute(HttpCommandExecutor.java:158)
at org.openqa.selenium.remote.service.DriverCommandExecutor.execute(DriverCommandExecutor.java:83)
at org.openqa.selenium.remote.RemoteWebDriver.execute(RemoteWebDriver.java:552)
at org.openqa.selenium.remote.RemoteWebElement.execute(RemoteWebElement.java:285)
at org.openqa.selenium.remote.RemoteWebElement.click(RemoteWebElement.java:84)
at org.sampledomain.Base.klk(Base.java:30)
at org.sampledomain.Execution.test3(Execution.java:41)
... Removed 29 stack frames]]>
    </failure>
  </testcase> <!-- test3 -->
  <testcase name="test4" time="0.056" classname="org.sampledomain.Execution">
    <failure type="java.lang.IndexOutOfBoundsException" message="Index: 0, Size: 0">
      <![CDATA[java.lang.IndexOutOfBoundsException: Index: 0, Size: 0
at java.util.ArrayList.rangeCheck(Unknown Source)
at java.util.ArrayList.get(Unknown Source)
at org.openqa.selenium.support.pagefactory.internal.LocatingElementListHandler.invoke(LocatingElementListHandler.java:39)
at com.sun.proxy.$Proxy8.get(Unknown Source)
at org.sampledomain.Execution.test4(Execution.java:49)
... Removed 29 stack frames]]>
    </failure>
  </testcase> <!-- test4 -->
  <testcase name="test5" time="4.846" classname="org.sampledomain.Execution"/>
  <testcase name="test6" time="5.107" classname="org.sampledomain.Execution"/>
  <testcase name="test7" time="0.072" classname="org.sampledomain.Execution">
    <failure type="java.lang.IndexOutOfBoundsException" message="Index: 0, Size: 0">
      <![CDATA[java.lang.IndexOutOfBoundsException: Index: 0, Size: 0
at java.util.ArrayList.rangeCheck(Unknown Source)
at java.util.ArrayList.get(Unknown Source)
at org.openqa.selenium.support.pagefactory.internal.LocatingElementListHandler.invoke(LocatingElementListHandler.java:39)
at com.sun.proxy.$Proxy8.get(Unknown Source)
at org.sampledomain.Execution.test7(Execution.java:70)
... Removed 29 stack frames]]>
    </failure>
  </testcase> <!-- test7 -->
  <testcase name="test8" time="0.043" classname="org.sampledomain.Execution">
    <failure type="java.lang.IndexOutOfBoundsException" message="Index: 0, Size: 0">
      <![CDATA[java.lang.IndexOutOfBoundsException: Index: 0, Size: 0
at java.util.ArrayList.rangeCheck(Unknown Source)
at java.util.ArrayList.get(Unknown Source)
at org.openqa.selenium.support.pagefactory.internal.LocatingElementListHandler.invoke(LocatingElementListHandler.java:39)
at com.sun.proxy.$Proxy8.get(Unknown Source)
at org.sampledomain.Execution.test8(Execution.java:77)
... Removed 29 stack frames]]>
    </failure>
  </testcase> <!-- test8 -->
</testsuite> <!-- Test -->
